Arguments: 
  C:\Program Files\nodejs\node.exe C:\Users\pc\AppData\Roaming\npm\node_modules\yarn\bin\yarn.js add escodegen

PATH: 
  D:\Anaconda;D:\Anaconda\Scripts;C:\windows\system32;C:\windows;C:\windows\System32\Wbem;C:\windows\System32\WindowsPowerShell\v1.0\;C:\windows\System32\OpenSSH\;C:\Program Files\Git\cmd;D:\Program Files (x86)\chromedriver_win32;C:\Program Files\nodejs\;C:\Program Files\TortoiseSVN\bin;D:\python\Scripts\;D:\python\;C:\Users\pc\AppData\Local\Microsoft\WindowsApps;C:\Users\pc\AppData\Local\Programs\Microsoft VS Code\bin;C:\Users\pc\AppData\Roaming\npm;D:\Program Files;C:\Users\pc\AppData\Local\Android\Sdk\tools;C:\Users\pc\AppData\Local\Android\Sdk\platform-tools;C:\Users\pc\.gradle\wrapper\dists\gradle-2.14.1\bin;

Yarn version: 
  1.22.10

Node version: 
  16.14.0

Platform: 
  win32 x64

Trace: 
  Error: EEXIST: file already exists, mkdir 'D:\CODE\ds-helper\node_modules\mocha\node_modules\glob\node_modules'

npm manifest: 
  {
    "name": "ds-helper",
    "displayName": "ds-helper",
    "description": "a tool to help build page with dataSet batter",
    "version": "0.0.1",
    "engines": {
      "vscode": "^1.69.0"
    },
    "categories": [
      "Other"
    ],
    "activationEvents": [
      "onCommand:ds-helper.helloWorld",
      "onLanguage:javascript",
      "onLanguage:typescript"
    ],
    "main": "./src/index.js",
    "contributes": {
      "commands": [{
        "command": "ds-helper.helloWorld",
        "title": "Hello World"
      }]
    },
    "scripts": {
      "lint": "eslint .",
      "pretest": "pnpm run lint",
      "test": "node ./test/runTest.js"
    },
    "devDependencies": {
      "@types/vscode": "^1.69.0",
      "@types/glob": "^7.2.0",
      "@types/mocha": "^9.1.1",
      "@types/node": "16.x",
      "eslint": "^8.20.0",
      "glob": "^8.0.3",
      "mocha": "^10.0.0",
      "typescript": "^4.7.4",
      "@vscode/test-electron": "^2.1.5"
    }
  }

yarn manifest: 
  No manifest

Lockfile: 
  No lockfile
